<?xml version="1.0" encoding="UTF-8"?>
<coverage generated="1705004743533" clover="3.2.0">
  <project timestamp="1705004743533" name="All files">
    <metrics statements="97" coveredstatements="95" conditionals="22" coveredconditionals="10" methods="23" coveredmethods="17" elements="142" coveredelements="122" complexity="0" loc="97" ncloc="97" packages="6" files="9" classes="9"/>
    <package name="src">
      <metrics statements="27" coveredstatements="27" conditionals="1" coveredconditionals="1" methods="9" coveredmethods="5"/>
      <file name="index.tsx" path="/Users/vitor.cutri/Desafio-Devmozao/src/index.tsx">
        <metrics statements="27" coveredstatements="27" conditionals="1" coveredconditionals="1" methods="9" coveredmethods="5"/>
        <line num="1" count="3" type="stmt"/>
        <line num="2" count="3" type="stmt"/>
        <line num="3" count="3" type="stmt"/>
        <line num="4" count="3" type="stmt"/>
        <line num="5" count="3" type="stmt"/>
        <line num="8" count="3" type="stmt"/>
        <line num="9" count="3" type="stmt"/>
        <line num="11" count="3" type="stmt"/>
        <line num="23" count="3" type="stmt"/>
        <line num="24" count="3" type="stmt"/>
        <line num="27" count="7" type="stmt"/>
        <line num="28" count="7" type="stmt"/>
        <line num="30" count="7" type="stmt"/>
        <line num="31" count="1" type="stmt"/>
        <line num="33" count="7" type="stmt"/>
        <line num="34" count="1" type="stmt"/>
        <line num="36" count="7" type="stmt"/>
        <line num="37" count="2" type="stmt"/>
        <line num="44" count="7" type="stmt"/>
        <line num="51" count="7" type="stmt"/>
        <line num="54" count="7" type="stmt"/>
        <line num="55" count="4" type="cond" truecount="1" falsecount="0"/>
        <line num="56" count="1" type="stmt"/>
        <line num="57" count="1" type="stmt"/>
        <line num="58" count="1" type="stmt"/>
        <line num="62" count="7" type="stmt"/>
        <line num="86" count="3" type="stmt"/>
      </file>
    </package>
    <package name="src.components.Button">
      <metrics statements="3" coveredstatements="3" conditionals="0" coveredconditionals="0" methods="0" coveredmethods="0"/>
      <file name="styles.tsx" path="/Users/vitor.cutri/Desafio-Devmozao/src/components/Button/styles.tsx">
        <metrics statements="3" coveredstatements="3" conditionals="0" coveredconditionals="0" methods="0" coveredmethods="0"/>
        <line num="1" count="3" type="stmt"/>
        <line num="2" count="3" type="stmt"/>
        <line num="4" count="3" type="stmt"/>
      </file>
    </package>
    <package name="src.components.Input">
      <metrics statements="2" coveredstatements="2" conditionals="0" coveredconditionals="0" methods="0" coveredmethods="0"/>
      <file name="styles.tsx" path="/Users/vitor.cutri/Desafio-Devmozao/src/components/Input/styles.tsx">
        <metrics statements="2" coveredstatements="2" conditionals="0" coveredconditionals="0" methods="0" coveredmethods="0"/>
        <line num="1" count="3" type="stmt"/>
        <line num="3" count="3" type="stmt"/>
      </file>
    </package>
    <package name="src.controller">
      <metrics statements="15" coveredstatements="15" conditionals="0" coveredconditionals="0" methods="7" coveredmethods="7"/>
      <file name="ProfileController.ts" path="/Users/vitor.cutri/Desafio-Devmozao/src/controller/ProfileController.ts">
        <metrics statements="7" coveredstatements="7" conditionals="0" coveredconditionals="0" methods="3" coveredmethods="3"/>
        <line num="1" count="4" type="stmt"/>
        <line num="5" count="4" type="stmt"/>
        <line num="8" count="4" type="stmt"/>
        <line num="9" count="2" type="stmt"/>
        <line num="12" count="2" type="stmt"/>
        <line num="15" count="2" type="stmt"/>
        <line num="28" count="1" type="stmt"/>
      </file>
      <file name="RepositoryController.ts" path="/Users/vitor.cutri/Desafio-Devmozao/src/controller/RepositoryController.ts">
        <metrics statements="8" coveredstatements="8" conditionals="0" coveredconditionals="0" methods="4" coveredmethods="4"/>
        <line num="1" count="4" type="stmt"/>
        <line num="5" count="4" type="stmt"/>
        <line num="8" count="4" type="stmt"/>
        <line num="9" count="2" type="stmt"/>
        <line num="14" count="1" type="stmt"/>
        <line num="17" count="1" type="stmt"/>
        <line num="18" count="1" type="stmt"/>
        <line num="31" count="1" type="stmt"/>
      </file>
    </package>
    <package name="src.pages.HomePage">
      <metrics statements="13" coveredstatements="13" conditionals="0" coveredconditionals="0" methods="2" coveredmethods="2"/>
      <file name="index.tsx" path="/Users/vitor.cutri/Desafio-Devmozao/src/pages/HomePage/index.tsx">
        <metrics statements="13" coveredstatements="13" conditionals="0" coveredconditionals="0" methods="2" coveredmethods="2"/>
        <line num="1" count="3" type="stmt"/>
        <line num="2" count="3" type="stmt"/>
        <line num="3" count="3" type="stmt"/>
        <line num="4" count="3" type="stmt"/>
        <line num="5" count="3" type="stmt"/>
        <line num="7" count="3" type="stmt"/>
        <line num="13" count="9" type="stmt"/>
        <line num="14" count="9" type="stmt"/>
        <line num="16" count="9" type="stmt"/>
        <line num="25" count="2" type="stmt"/>
        <line num="26" count="2" type="stmt"/>
        <line num="27" count="2" type="stmt"/>
        <line num="28" count="2" type="stmt"/>
      </file>
    </package>
    <package name="src.pages.Profile">
      <metrics statements="37" coveredstatements="35" conditionals="21" coveredconditionals="9" methods="5" coveredmethods="3"/>
      <file name="FormatDate.tsx" path="/Users/vitor.cutri/Desafio-Devmozao/src/pages/Profile/FormatDate.tsx">
        <metrics statements="7" coveredstatements="7" conditionals="0" coveredconditionals="0" methods="1" coveredmethods="1"/>
        <line num="1" count="3" type="stmt"/>
        <line num="2" count="1" type="stmt"/>
        <line num="17" count="1" type="stmt"/>
        <line num="18" count="1" type="stmt"/>
        <line num="19" count="1" type="stmt"/>
        <line num="20" count="1" type="stmt"/>
        <line num="22" count="1" type="stmt"/>
      </file>
      <file name="index.tsx" path="/Users/vitor.cutri/Desafio-Devmozao/src/pages/Profile/index.tsx">
        <metrics statements="14" coveredstatements="12" conditionals="21" coveredconditionals="9" methods="4" coveredmethods="2"/>
        <line num="1" count="3" type="stmt"/>
        <line num="2" count="3" type="stmt"/>
        <line num="3" count="3" type="stmt"/>
        <line num="4" count="3" type="stmt"/>
        <line num="21" count="3" type="stmt"/>
        <line num="22" count="3" type="stmt"/>
        <line num="24" count="3" type="stmt"/>
        <line num="25" count="2" type="stmt"/>
        <line num="26" count="2" type="stmt"/>
        <line num="28" count="2" type="stmt"/>
        <line num="29" count="0" type="stmt"/>
        <line num="31" count="2" type="stmt"/>
        <line num="61" count="1" type="stmt"/>
        <line num="71" count="0" type="stmt"/>
      </file>
      <file name="styles.tsx" path="/Users/vitor.cutri/Desafio-Devmozao/src/pages/Profile/styles.tsx">
        <metrics statements="16" coveredstatements="16" conditionals="0" coveredconditionals="0" methods="0" coveredmethods="0"/>
        <line num="1" count="3" type="stmt"/>
        <line num="3" count="3" type="stmt"/>
        <line num="7" count="3" type="stmt"/>
        <line num="16" count="3" type="stmt"/>
        <line num="20" count="3" type="stmt"/>
        <line num="24" count="3" type="stmt"/>
        <line num="27" count="3" type="stmt"/>
        <line num="31" count="3" type="stmt"/>
        <line num="35" count="3" type="stmt"/>
        <line num="46" count="3" type="stmt"/>
        <line num="51" count="3" type="stmt"/>
        <line num="58" count="3" type="stmt"/>
        <line num="63" count="3" type="stmt"/>
        <line num="71" count="3" type="stmt"/>
        <line num="76" count="3" type="stmt"/>
        <line num="80" count="3" type="stmt"/>
      </file>
    </package>
  </project>
</coverage>
