{"/Users/vitor.cutri/Desafio-Devmozao/src/index.tsx": {"path":"/Users/vitor.cutri/Desafio-Devmozao/src/index.tsx","statementMap":{"0":{"start":{"line":1,"column":0},"end":{"line":1,"column":72}},"1":{"start":{"line":2,"column":0},"end":{"line":2,"column":39}},"2":{"start":{"line":3,"column":0},"end":{"line":3,"column":26}},"3":{"start":{"line":4,"column":0},"end":{"line":4,"column":49}},"4":{"start":{"line":5,"column":0},"end":{"line":5,"column":40}},"5":{"start":{"line":6,"column":0},"end":{"line":6,"column":38}},"6":{"start":{"line":10,"column":13},"end":{"line":20,"column":3}},"7":{"start":{"line":23,"column":38},"end":{"line":23,"column":50}},"8":{"start":{"line":24,"column":40},"end":{"line":24,"column":55}},"9":{"start":{"line":26,"column":26},"end":{"line":30,"column":3}},"10":{"start":{"line":27,"column":4},"end":{"line":29,"column":41}},"11":{"start":{"line":29,"column":26},"end":{"line":29,"column":39}},"12":{"start":{"line":31,"column":28},"end":{"line":35,"column":3}},"13":{"start":{"line":32,"column":4},"end":{"line":34,"column":41}},"14":{"start":{"line":34,"column":26},"end":{"line":34,"column":39}},"15":{"start":{"line":36,"column":28},"end":{"line":38,"column":3}},"16":{"start":{"line":37,"column":4},"end":{"line":37,"column":38}},"17":{"start":{"line":44,"column":6},"end":{"line":46,"column":4}},"18":{"start":{"line":51,"column":6},"end":{"line":53,"column":4}},"19":{"start":{"line":54,"column":2},"end":{"line":60,"column":57}},"20":{"start":{"line":55,"column":4},"end":{"line":59,"column":5}},"21":{"start":{"line":56,"column":6},"end":{"line":56,"column":25}},"22":{"start":{"line":57,"column":6},"end":{"line":57,"column":26}},"23":{"start":{"line":58,"column":6},"end":{"line":58,"column":28}},"24":{"start":{"line":62,"column":2},"end":{"line":81,"column":4}},"25":{"start":{"line":84,"column":0},"end":{"line":84,"column":19}}},"fnMap":{"0":{"name":"(anonymous_0)","decl":{"start":{"line":15,"column":20},"end":{"line":15,"column":23}},"loc":{"start":{"line":15,"column":25},"end":{"line":15,"column":28}}},"1":{"name":"(anonymous_1)","decl":{"start":{"line":16,"column":21},"end":{"line":16,"column":24}},"loc":{"start":{"line":16,"column":26},"end":{"line":16,"column":29}}},"2":{"name":"(anonymous_2)","decl":{"start":{"line":18,"column":21},"end":{"line":18,"column":24}},"loc":{"start":{"line":18,"column":26},"end":{"line":18,"column":29}}},"3":{"name":"(anonymous_3)","decl":{"start":{"line":19,"column":18},"end":{"line":19,"column":21}},"loc":{"start":{"line":19,"column":23},"end":{"line":19,"column":26}}},"4":{"name":"App","decl":{"start":{"line":22,"column":9},"end":{"line":22,"column":12}},"loc":{"start":{"line":22,"column":12},"end":{"line":82,"column":1}}},"5":{"name":"(anonymous_5)","decl":{"start":{"line":26,"column":26},"end":{"line":26,"column":29}},"loc":{"start":{"line":26,"column":31},"end":{"line":30,"column":3}}},"6":{"name":"(anonymous_6)","decl":{"start":{"line":29,"column":12},"end":{"line":29,"column":13}},"loc":{"start":{"line":29,"column":26},"end":{"line":29,"column":39}}},"7":{"name":"(anonymous_7)","decl":{"start":{"line":31,"column":28},"end":{"line":31,"column":31}},"loc":{"start":{"line":31,"column":33},"end":{"line":35,"column":3}}},"8":{"name":"(anonymous_8)","decl":{"start":{"line":34,"column":12},"end":{"line":34,"column":13}},"loc":{"start":{"line":34,"column":26},"end":{"line":34,"column":39}}},"9":{"name":"(anonymous_9)","decl":{"start":{"line":36,"column":28},"end":{"line":36,"column":29}},"loc":{"start":{"line":36,"column":69},"end":{"line":38,"column":3}}},"10":{"name":"(anonymous_10)","decl":{"start":{"line":54,"column":12},"end":{"line":54,"column":15}},"loc":{"start":{"line":54,"column":17},"end":{"line":60,"column":3}}}},"branchMap":{"0":{"loc":{"start":{"line":55,"column":4},"end":{"line":59,"column":5}},"type":"if","locations":[{"start":{"line":55,"column":4},"end":{"line":59,"column":5}}]}},"s":{"0":2,"1":2,"2":2,"3":2,"4":2,"5":2,"6":2,"7":0,"8":0,"9":0,"10":0,"11":0,"12":0,"13":0,"14":0,"15":0,"16":0,"17":0,"18":0,"19":0,"20":0,"21":0,"22":0,"23":0,"24":0,"25":2},"f":{"0":0,"1":0,"2":0,"3":0,"4":0,"5":0,"6":0,"7":0,"8":0,"9":0,"10":0},"b":{"0":[0]}}
,"/Users/vitor.cutri/Desafio-Devmozao/src/components/Button/styles.tsx": {"path":"/Users/vitor.cutri/Desafio-Devmozao/src/components/Button/styles.tsx","statementMap":{"0":{"start":{"line":1,"column":0},"end":{"line":1,"column":39}},"1":{"start":{"line":2,"column":0},"end":{"line":2,"column":40}},"2":{"start":{"line":4,"column":13},"end":{"line":23,"column":2}}},"fnMap":{},"branchMap":{},"s":{"0":2,"1":2,"2":2},"f":{},"b":{}}
,"/Users/vitor.cutri/Desafio-Devmozao/src/components/Input/styles.tsx": {"path":"/Users/vitor.cutri/Desafio-Devmozao/src/components/Input/styles.tsx","statementMap":{"0":{"start":{"line":1,"column":0},"end":{"line":1,"column":39}},"1":{"start":{"line":3,"column":13},"end":{"line":19,"column":2}}},"fnMap":{},"branchMap":{},"s":{"0":2,"1":2},"f":{},"b":{}}
,"/Users/vitor.cutri/Desafio-Devmozao/src/pages/HomePage/index.tsx": {"path":"/Users/vitor.cutri/Desafio-Devmozao/src/pages/HomePage/index.tsx","statementMap":{"0":{"start":{"line":1,"column":0},"end":{"line":1,"column":35}},"1":{"start":{"line":2,"column":0},"end":{"line":2,"column":47}},"2":{"start":{"line":3,"column":0},"end":{"line":3,"column":48}},"3":{"start":{"line":4,"column":0},"end":{"line":4,"column":56}},"4":{"start":{"line":5,"column":0},"end":{"line":5,"column":54}},"5":{"start":{"line":13,"column":6},"end":{"line":13,"column":35}},"6":{"start":{"line":14,"column":19},"end":{"line":14,"column":32}},"7":{"start":{"line":16,"column":2},"end":{"line":34,"column":4}},"8":{"start":{"line":25,"column":10},"end":{"line":25,"column":29}},"9":{"start":{"line":26,"column":10},"end":{"line":26,"column":30}},"10":{"start":{"line":27,"column":10},"end":{"line":27,"column":31}},"11":{"start":{"line":28,"column":10},"end":{"line":28,"column":31}},"12":{"start":{"line":7,"column":0},"end":{"line":7,"column":24}}},"fnMap":{"0":{"name":"HomePage","decl":{"start":{"line":7,"column":24},"end":{"line":7,"column":32}},"loc":{"start":{"line":7,"column":32},"end":{"line":35,"column":1}}},"1":{"name":"(anonymous_1)","decl":{"start":{"line":24,"column":17},"end":{"line":24,"column":20}},"loc":{"start":{"line":24,"column":22},"end":{"line":29,"column":9}}}},"branchMap":{},"s":{"0":2,"1":2,"2":2,"3":2,"4":2,"5":2,"6":2,"7":2,"8":1,"9":1,"10":1,"11":1,"12":2},"f":{"0":2,"1":1},"b":{}}
,"/Users/vitor.cutri/Desafio-Devmozao/src/pages/Profile/FormatDate.tsx": {"path":"/Users/vitor.cutri/Desafio-Devmozao/src/pages/Profile/FormatDate.tsx","statementMap":{"0":{"start":{"line":2,"column":17},"end":{"line":15,"column":4}},"1":{"start":{"line":17,"column":15},"end":{"line":17,"column":35}},"2":{"start":{"line":18,"column":14},"end":{"line":18,"column":28}},"3":{"start":{"line":19,"column":16},"end":{"line":19,"column":39}},"4":{"start":{"line":20,"column":15},"end":{"line":20,"column":33}},"5":{"start":{"line":22,"column":2},"end":{"line":22,"column":41}},"6":{"start":{"line":1,"column":0},"end":{"line":1,"column":16}}},"fnMap":{"0":{"name":"formatDate","decl":{"start":{"line":1,"column":16},"end":{"line":1,"column":26}},"loc":{"start":{"line":1,"column":45},"end":{"line":23,"column":1}}}},"branchMap":{},"s":{"0":1,"1":1,"2":1,"3":1,"4":1,"5":1,"6":2},"f":{"0":1},"b":{}}
,"/Users/vitor.cutri/Desafio-Devmozao/src/pages/Profile/index.tsx": {"path":"/Users/vitor.cutri/Desafio-Devmozao/src/pages/Profile/index.tsx","statementMap":{"0":{"start":{"line":1,"column":0},"end":{"line":1,"column":35}},"1":{"start":{"line":2,"column":0},"end":{"line":2,"column":56}},"2":{"start":{"line":3,"column":0},"end":{"line":3,"column":42}},"3":{"start":{"line":4,"column":0},"end":{"line":4,"column":null}},"4":{"start":{"line":21,"column":0},"end":{"line":21,"column":47}},"5":{"start":{"line":22,"column":0},"end":{"line":22,"column":42}},"6":{"start":{"line":25,"column":44},"end":{"line":25,"column":73}},"7":{"start":{"line":26,"column":19},"end":{"line":26,"column":32}},"8":{"start":{"line":28,"column":22},"end":{"line":29,"column":null}},"9":{"start":{"line":29,"column":14},"end":{"line":29,"column":53}},"10":{"start":{"line":31,"column":2},"end":{"line":91,"column":4}},"11":{"start":{"line":61,"column":14},"end":{"line":61,"column":28}},"12":{"start":{"line":71,"column":12},"end":{"line":86,"column":null}},"13":{"start":{"line":24,"column":0},"end":{"line":24,"column":24}}},"fnMap":{"0":{"name":"Profile","decl":{"start":{"line":24,"column":24},"end":{"line":24,"column":31}},"loc":{"start":{"line":24,"column":31},"end":{"line":92,"column":1}}},"1":{"name":"(anonymous_1)","decl":{"start":{"line":29,"column":4},"end":{"line":29,"column":5}},"loc":{"start":{"line":29,"column":14},"end":{"line":29,"column":53}}},"2":{"name":"(anonymous_2)","decl":{"start":{"line":60,"column":21},"end":{"line":60,"column":24}},"loc":{"start":{"line":60,"column":26},"end":{"line":62,"column":13}}},"3":{"name":"(anonymous_3)","decl":{"start":{"line":70,"column":26},"end":{"line":70,"column":27}},"loc":{"start":{"line":71,"column":12},"end":{"line":86,"column":null}}}},"branchMap":{"0":{"loc":{"start":{"line":37,"column":13},"end":{"line":37,"column":48}},"type":"binary-expr","locations":[{"start":{"line":37,"column":13},"end":{"line":37,"column":26}},{"start":{"line":37,"column":30},"end":{"line":37,"column":48}}]},"1":{"loc":{"start":{"line":38,"column":9},"end":{"line":38,"column":45}},"type":"binary-expr","locations":[{"start":{"line":38,"column":9},"end":{"line":38,"column":22}},{"start":{"line":38,"column":26},"end":{"line":38,"column":45}}]},"2":{"loc":{"start":{"line":39,"column":12},"end":{"line":39,"column":46}},"type":"binary-expr","locations":[{"start":{"line":39,"column":12},"end":{"line":39,"column":25}},{"start":{"line":39,"column":29},"end":{"line":39,"column":46}}]},"3":{"loc":{"start":{"line":42,"column":16},"end":{"line":42,"column":56}},"type":"binary-expr","locations":[{"start":{"line":42,"column":16},"end":{"line":42,"column":29}},{"start":{"line":42,"column":33},"end":{"line":42,"column":56}}]},"4":{"loc":{"start":{"line":45,"column":16},"end":{"line":45,"column":56}},"type":"binary-expr","locations":[{"start":{"line":45,"column":16},"end":{"line":45,"column":29}},{"start":{"line":45,"column":33},"end":{"line":45,"column":56}}]},"5":{"loc":{"start":{"line":48,"column":16},"end":{"line":48,"column":54}},"type":"binary-expr","locations":[{"start":{"line":48,"column":16},"end":{"line":48,"column":29}},{"start":{"line":48,"column":33},"end":{"line":48,"column":54}}]},"6":{"loc":{"start":{"line":49,"column":16},"end":{"line":49,"column":55}},"type":"binary-expr","locations":[{"start":{"line":49,"column":16},"end":{"line":49,"column":29}},{"start":{"line":49,"column":33},"end":{"line":49,"column":55}}]},"7":{"loc":{"start":{"line":50,"column":9},"end":{"line":56,"column":null}},"type":"binary-expr","locations":[{"start":{"line":50,"column":9},"end":{"line":50,"column":22}},{"start":{"line":50,"column":26},"end":{"line":50,"column":55}},{"start":{"line":51,"column":10},"end":{"line":55,"column":null}}]},"8":{"loc":{"start":{"line":53,"column":26},"end":{"line":53,"column":61}},"type":"binary-expr","locations":[{"start":{"line":53,"column":26},"end":{"line":53,"column":39}},{"start":{"line":53,"column":43},"end":{"line":53,"column":61}}]},"9":{"loc":{"start":{"line":69,"column":9},"end":{"line":88,"column":12}},"type":"binary-expr","locations":[{"start":{"line":69,"column":9},"end":{"line":69,"column":20}},{"start":{"line":70,"column":10},"end":{"line":88,"column":12}}]}},"s":{"0":2,"1":2,"2":2,"3":2,"4":2,"5":2,"6":2,"7":2,"8":2,"9":0,"10":2,"11":1,"12":0,"13":2},"f":{"0":2,"1":0,"2":1,"3":0},"b":{"0":[2,0],"1":[2,0],"2":[2,0],"3":[2,0],"4":[2,0],"5":[2,0],"6":[2,0],"7":[2,0,0],"8":[0,0],"9":[2,0]}}
,"/Users/vitor.cutri/Desafio-Devmozao/src/pages/Profile/styles.tsx": {"path":"/Users/vitor.cutri/Desafio-Devmozao/src/pages/Profile/styles.tsx","statementMap":{"0":{"start":{"line":1,"column":0},"end":{"line":1,"column":39}},"1":{"start":{"line":3,"column":13},"end":{"line":6,"column":2}},"2":{"start":{"line":7,"column":13},"end":{"line":15,"column":2}},"3":{"start":{"line":16,"column":13},"end":{"line":19,"column":2}},"4":{"start":{"line":20,"column":13},"end":{"line":23,"column":2}},"5":{"start":{"line":24,"column":13},"end":{"line":26,"column":2}},"6":{"start":{"line":27,"column":13},"end":{"line":30,"column":2}},"7":{"start":{"line":31,"column":13},"end":{"line":34,"column":2}},"8":{"start":{"line":35,"column":13},"end":{"line":44,"column":2}},"9":{"start":{"line":46,"column":13},"end":{"line":50,"column":2}},"10":{"start":{"line":51,"column":13},"end":{"line":57,"column":2}},"11":{"start":{"line":58,"column":13},"end":{"line":61,"column":2}},"12":{"start":{"line":63,"column":13},"end":{"line":70,"column":2}},"13":{"start":{"line":71,"column":13},"end":{"line":75,"column":2}},"14":{"start":{"line":76,"column":13},"end":{"line":79,"column":2}},"15":{"start":{"line":80,"column":13},"end":{"line":84,"column":2}}},"fnMap":{},"branchMap":{},"s":{"0":2,"1":2,"2":2,"3":2,"4":2,"5":2,"6":2,"7":2,"8":2,"9":2,"10":2,"11":2,"12":2,"13":2,"14":2,"15":2},"f":{},"b":{}}
}
