TN:
SF:src/index.tsx
FN:15,(anonymous_0)
FN:16,(anonymous_1)
FN:18,(anonymous_2)
FN:19,(anonymous_3)
FN:22,App
FN:26,(anonymous_5)
FN:29,(anonymous_6)
FN:31,(anonymous_7)
FN:34,(anonymous_8)
FN:36,(anonymous_9)
FN:54,(anonymous_10)
FNF:11
FNH:0
FNDA:0,(anonymous_0)
FNDA:0,(anonymous_1)
FNDA:0,(anonymous_2)
FNDA:0,(anonymous_3)
FNDA:0,App
FNDA:0,(anonymous_5)
FNDA:0,(anonymous_6)
FNDA:0,(anonymous_7)
FNDA:0,(anonymous_8)
FNDA:0,(anonymous_9)
FNDA:0,(anonymous_10)
DA:1,2
DA:2,2
DA:3,2
DA:4,2
DA:5,2
DA:6,2
DA:10,2
DA:23,0
DA:24,0
DA:26,0
DA:27,0
DA:29,0
DA:31,0
DA:32,0
DA:34,0
DA:36,0
DA:37,0
DA:44,0
DA:51,0
DA:54,0
DA:55,0
DA:56,0
DA:57,0
DA:58,0
DA:62,0
DA:84,2
LF:26
LH:8
BRDA:55,0,0,0
BRF:1
BRH:0
end_of_record
TN:
SF:src/components/Button/styles.tsx
FNF:0
FNH:0
DA:1,2
DA:2,2
DA:4,2
LF:3
LH:3
BRF:0
BRH:0
end_of_record
TN:
SF:src/components/Input/styles.tsx
FNF:0
FNH:0
DA:1,2
DA:3,2
LF:2
LH:2
BRF:0
BRH:0
end_of_record
TN:
SF:src/pages/HomePage/index.tsx
FN:7,HomePage
FN:24,(anonymous_1)
FNF:2
FNH:2
FNDA:2,HomePage
FNDA:1,(anonymous_1)
DA:1,2
DA:2,2
DA:3,2
DA:4,2
DA:5,2
DA:7,2
DA:13,2
DA:14,2
DA:16,2
DA:25,1
DA:26,1
DA:27,1
DA:28,1
LF:13
LH:13
BRF:0
BRH:0
end_of_record
TN:
SF:src/pages/Profile/FormatDate.tsx
FN:1,formatDate
FNF:1
FNH:1
FNDA:1,formatDate
DA:1,2
DA:2,1
DA:17,1
DA:18,1
DA:19,1
DA:20,1
DA:22,1
LF:7
LH:7
BRF:0
BRH:0
end_of_record
TN:
SF:src/pages/Profile/index.tsx
FN:24,Profile
FN:29,(anonymous_1)
FN:60,(anonymous_2)
FN:70,(anonymous_3)
FNF:4
FNH:2
FNDA:2,Profile
FNDA:0,(anonymous_1)
FNDA:1,(anonymous_2)
FNDA:0,(anonymous_3)
DA:1,2
DA:2,2
DA:3,2
DA:4,2
DA:21,2
DA:22,2
DA:24,2
DA:25,2
DA:26,2
DA:28,2
DA:29,0
DA:31,2
DA:61,1
DA:71,0
LF:14
LH:12
BRDA:37,0,0,2
BRDA:37,0,1,0
BRDA:38,1,0,2
BRDA:38,1,1,0
BRDA:39,2,0,2
BRDA:39,2,1,0
BRDA:42,3,0,2
BRDA:42,3,1,0
BRDA:45,4,0,2
BRDA:45,4,1,0
BRDA:48,5,0,2
BRDA:48,5,1,0
BRDA:49,6,0,2
BRDA:49,6,1,0
BRDA:50,7,0,2
BRDA:50,7,1,0
BRDA:50,7,2,0
BRDA:53,8,0,0
BRDA:53,8,1,0
BRDA:69,9,0,2
BRDA:69,9,1,0
BRF:21
BRH:9
end_of_record
TN:
SF:src/pages/Profile/styles.tsx
FNF:0
FNH:0
DA:1,2
DA:3,2
DA:7,2
DA:16,2
DA:20,2
DA:24,2
DA:27,2
DA:31,2
DA:35,2
DA:46,2
DA:51,2
DA:58,2
DA:63,2
DA:71,2
DA:76,2
DA:80,2
LF:16
LH:16
BRF:0
BRH:0
end_of_record
