TN:
SF:src/index.tsx
FN:16,(anonymous_0)
FN:17,(anonymous_1)
FN:19,(anonymous_2)
FN:20,(anonymous_3)
FN:26,App
FN:30,(anonymous_5)
FN:33,(anonymous_6)
FN:36,(anonymous_7)
FN:54,(anonymous_8)
FNF:9
FNH:5
FNDA:0,(anonymous_0)
FNDA:0,(anonymous_1)
FNDA:0,(anonymous_2)
FNDA:0,(anonymous_3)
FNDA:7,App
FNDA:1,(anonymous_5)
FNDA:1,(anonymous_6)
FNDA:2,(anonymous_7)
FNDA:4,(anonymous_8)
DA:1,3
DA:2,3
DA:3,3
DA:4,3
DA:5,3
DA:8,3
DA:9,3
DA:11,3
DA:23,3
DA:24,3
DA:27,7
DA:28,7
DA:30,7
DA:31,1
DA:33,7
DA:34,1
DA:36,7
DA:37,2
DA:44,7
DA:51,7
DA:54,7
DA:55,4
DA:56,1
DA:57,1
DA:58,1
DA:62,7
DA:86,3
LF:27
LH:27
BRDA:55,0,0,1
BRF:1
BRH:1
end_of_record
TN:
SF:src/components/Button/styles.tsx
FNF:0
FNH:0
DA:1,3
DA:2,3
DA:4,3
LF:3
LH:3
BRF:0
BRH:0
end_of_record
TN:
SF:src/components/Input/styles.tsx
FNF:0
FNH:0
DA:1,3
DA:3,3
LF:2
LH:2
BRF:0
BRH:0
end_of_record
TN:
SF:src/controller/ProfileController.ts
FN:6,(anonymous_0)
FN:8,(anonymous_1)
FN:11,(anonymous_2)
FNF:3
FNH:3
FNDA:4,(anonymous_0)
FNDA:2,(anonymous_1)
FNDA:2,(anonymous_2)
DA:1,4
DA:5,4
DA:8,4
DA:9,2
DA:12,2
DA:15,2
DA:28,1
LF:7
LH:7
BRF:0
BRH:0
end_of_record
TN:
SF:src/controller/RepositoryController.ts
FN:6,(anonymous_0)
FN:8,(anonymous_1)
FN:13,(anonymous_2)
FN:17,(anonymous_3)
FNF:4
FNH:4
FNDA:4,(anonymous_0)
FNDA:2,(anonymous_1)
FNDA:1,(anonymous_2)
FNDA:1,(anonymous_3)
DA:1,4
DA:5,4
DA:8,4
DA:9,2
DA:14,1
DA:17,1
DA:18,1
DA:31,1
LF:8
LH:8
BRF:0
BRH:0
end_of_record
TN:
SF:src/pages/HomePage/index.tsx
FN:7,HomePage
FN:24,(anonymous_1)
FNF:2
FNH:2
FNDA:9,HomePage
FNDA:2,(anonymous_1)
DA:1,3
DA:2,3
DA:3,3
DA:4,3
DA:5,3
DA:7,3
DA:13,9
DA:14,9
DA:16,9
DA:25,2
DA:26,2
DA:27,2
DA:28,2
LF:13
LH:13
BRF:0
BRH:0
end_of_record
TN:
SF:src/pages/Profile/FormatDate.tsx
FN:1,formatDate
FNF:1
FNH:1
FNDA:1,formatDate
DA:1,3
DA:2,1
DA:17,1
DA:18,1
DA:19,1
DA:20,1
DA:22,1
LF:7
LH:7
BRF:0
BRH:0
end_of_record
TN:
SF:src/pages/Profile/index.tsx
FN:24,Profile
FN:29,(anonymous_1)
FN:60,(anonymous_2)
FN:70,(anonymous_3)
FNF:4
FNH:2
FNDA:2,Profile
FNDA:0,(anonymous_1)
FNDA:1,(anonymous_2)
FNDA:0,(anonymous_3)
DA:1,3
DA:2,3
DA:3,3
DA:4,3
DA:21,3
DA:22,3
DA:24,3
DA:25,2
DA:26,2
DA:28,2
DA:29,0
DA:31,2
DA:61,1
DA:71,0
LF:14
LH:12
BRDA:37,0,0,2
BRDA:37,0,1,0
BRDA:38,1,0,2
BRDA:38,1,1,0
BRDA:39,2,0,2
BRDA:39,2,1,0
BRDA:42,3,0,2
BRDA:42,3,1,0
BRDA:45,4,0,2
BRDA:45,4,1,0
BRDA:48,5,0,2
BRDA:48,5,1,0
BRDA:49,6,0,2
BRDA:49,6,1,0
BRDA:50,7,0,2
BRDA:50,7,1,0
BRDA:50,7,2,0
BRDA:53,8,0,0
BRDA:53,8,1,0
BRDA:69,9,0,2
BRDA:69,9,1,0
BRF:21
BRH:9
end_of_record
TN:
SF:src/pages/Profile/styles.tsx
FNF:0
FNH:0
DA:1,3
DA:3,3
DA:7,3
DA:16,3
DA:20,3
DA:24,3
DA:27,3
DA:31,3
DA:35,3
DA:46,3
DA:51,3
DA:58,3
DA:63,3
DA:71,3
DA:76,3
DA:80,3
LF:16
LH:16
BRF:0
BRH:0
end_of_record
